<?xml version="1.0" encoding="UTF-8"?>
<testng-results skipped="0" failed="0" ignored="0" total="1" passed="1">
  <reporter-output>
  </reporter-output>
  <suite name="InetBankingV1" duration-ms="14438" started-at="2021-07-29T18:26:38 EDT" finished-at="2021-07-29T18:26:53 EDT">
    <groups>
    </groups>
    <test name="BankingApp Test" duration-ms="14438" started-at="2021-07-29T18:26:38 EDT" finished-at="2021-07-29T18:26:53 EDT">
      <class name="com.inetbanking.testCases.TC_LoginTest_001">
        <test-method status="PASS" signature="setup(java.lang.String)[pri:0, instance:com.inetbanking.testCases.TC_LoginTest_001@cd2dae5]" name="setup" is-config="true" duration-ms="11996" started-at="2021-07-29T18:26:39 EDT" finished-at="2021-07-29T18:26:51 EDT">
          <params>
            <param index="0">
              <value>
                <![CDATA[chrome]]>
              </value>
            </param>
          </params>
          <reporter-output>
          </reporter-output>
        </test-method> <!-- setup -->
        <test-method status="PASS" signature="loginTest()[pri:0, instance:com.inetbanking.testCases.TC_LoginTest_001@cd2dae5]" name="loginTest" duration-ms="1106" started-at="2021-07-29T18:26:51 EDT" finished-at="2021-07-29T18:26:52 EDT">
          <reporter-output>
          </reporter-output>
        </test-method> <!-- loginTest -->
        <test-method status="PASS" signature="tearDown()[pri:0, instance:com.inetbanking.testCases.TC_LoginTest_001@cd2dae5]" name="tearDown" is-config="true" duration-ms="1076" started-at="2021-07-29T18:26:52 EDT" finished-at="2021-07-29T18:26:53 EDT">
          <reporter-output>
          </reporter-output>
        </test-method> <!-- tearDown -->
      </class> <!-- com.inetbanking.testCases.TC_LoginTest_001 -->
    </test> <!-- BankingApp Test -->
  </suite> <!-- InetBankingV1 -->
</testng-results>
